This is pdfTeX, Version 3.14159265-2.6-1.40.21 (TeX Live 2020/W32TeX) (preloaded format=pdflatex 2020.11.13)  13 NOV 2020 16:04
entering extended mode
 restricted \write18 enabled.
 %&-line parsing enabled.
**FinalReport.tex
(./FinalReport.tex
LaTeX2e <2020-10-01> patch level 2
L3 programming layer <2020-10-27> xparse <2020-03-03> (c:/Users/Deepak/AppData/
Roaming/TinyTeX/texmf-dist/tex/latex/base/article.cls
Document Class: article 2020/04/10 v1.4m Standard LaTeX document class
(c:/Users/Deepak/AppData/Roaming/TinyTeX/texmf-dist/tex/latex/base/size12.clo
File: size12.clo 2020/04/10 v1.4m Standard LaTeX file (size option)
)
\c@part=\count175
\c@section=\count176
\c@subsection=\count177
\c@subsubsection=\count178
\c@paragraph=\count179
\c@subparagraph=\count180
\c@figure=\count181
\c@table=\count182
\abovecaptionskip=\skip47
\belowcaptionskip=\skip48
\bibindent=\dimen138
) (c:/Users/Deepak/AppData/Roaming/TinyTeX/texmf-dist/tex/latex/lm/lmodern.sty
Package: lmodern 2009/10/30 v1.6 Latin Modern Fonts
LaTeX Font Info:    Overwriting symbol font `operators' in version `normal'
(Font)                  OT1/cmr/m/n --> OT1/lmr/m/n on input line 22.
LaTeX Font Info:    Overwriting symbol font `letters' in version `normal'
(Font)                  OML/cmm/m/it --> OML/lmm/m/it on input line 23.
LaTeX Font Info:    Overwriting symbol font `symbols' in version `normal'
(Font)                  OMS/cmsy/m/n --> OMS/lmsy/m/n on input line 24.
LaTeX Font Info:    Overwriting symbol font `largesymbols' in version `normal'
(Font)                  OMX/cmex/m/n --> OMX/lmex/m/n on input line 25.
LaTeX Font Info:    Overwriting symbol font `operators' in version `bold'
(Font)                  OT1/cmr/bx/n --> OT1/lmr/bx/n on input line 26.
LaTeX Font Info:    Overwriting symbol font `letters' in version `bold'
(Font)                  OML/cmm/b/it --> OML/lmm/b/it on input line 27.
LaTeX Font Info:    Overwriting symbol font `symbols' in version `bold'
(Font)                  OMS/cmsy/b/n --> OMS/lmsy/b/n on input line 28.
LaTeX Font Info:    Overwriting symbol font `largesymbols' in version `bold'
(Font)                  OMX/cmex/m/n --> OMX/lmex/m/n on input line 29.
LaTeX Font Info:    Overwriting math alphabet `\mathbf' in version `normal'
(Font)                  OT1/cmr/bx/n --> OT1/lmr/bx/n on input line 31.
LaTeX Font Info:    Overwriting math alphabet `\mathsf' in version `normal'
(Font)                  OT1/cmss/m/n --> OT1/lmss/m/n on input line 32.
LaTeX Font Info:    Overwriting math alphabet `\mathit' in version `normal'
(Font)                  OT1/cmr/m/it --> OT1/lmr/m/it on input line 33.
LaTeX Font Info:    Overwriting math alphabet `\mathtt' in version `normal'
(Font)                  OT1/cmtt/m/n --> OT1/lmtt/m/n on input line 34.
LaTeX Font Info:    Overwriting math alphabet `\mathbf' in version `bold'
(Font)                  OT1/cmr/bx/n --> OT1/lmr/bx/n on input line 35.
LaTeX Font Info:    Overwriting math alphabet `\mathsf' in version `bold'
(Font)                  OT1/cmss/bx/n --> OT1/lmss/bx/n on input line 36.
LaTeX Font Info:    Overwriting math alphabet `\mathit' in version `bold'
(Font)                  OT1/cmr/bx/it --> OT1/lmr/bx/it on input line 37.
LaTeX Font Info:    Overwriting math alphabet `\mathtt' in version `bold'
(Font)                  OT1/cmtt/m/n --> OT1/lmtt/m/n on input line 38.
)
(c:/Users/Deepak/AppData/Roaming/TinyTeX/texmf-dist/tex/latex/amsfonts/amssymb.
sty
Package: amssymb 2013/01/14 v3.01 AMS font symbols

(c:/Users/Deepak/AppData/Roaming/TinyTeX/texmf-dist/tex/latex/amsfonts/amsfonts
.sty
Package: amsfonts 2013/01/14 v3.01 Basic AMSFonts support
\@emptytoks=\toks15
\symAMSa=\mathgroup4
\symAMSb=\mathgroup5
LaTeX Font Info:    Redeclaring math symbol \hbar on input line 98.
LaTeX Font Info:    Overwriting math alphabet `\mathfrak' in version `bold'
(Font)                  U/euf/m/n --> U/euf/b/n on input line 106.
))
(c:/Users/Deepak/AppData/Roaming/TinyTeX/texmf-dist/tex/latex/amsmath/amsmath.s
ty
Package: amsmath 2020/09/23 v2.17i AMS math features
\@mathmargin=\skip49
For additional information on amsmath, use the `?' option.

(c:/Users/Deepak/AppData/Roaming/TinyTeX/texmf-dist/tex/latex/amsmath/amstext.s
ty
Package: amstext 2000/06/29 v2.01 AMS text

(c:/Users/Deepak/AppData/Roaming/TinyTeX/texmf-dist/tex/latex/amsmath/amsgen.st
y
File: amsgen.sty 1999/11/30 v2.0 generic functions
\@emptytoks=\toks16
\ex@=\dimen139
))
(c:/Users/Deepak/AppData/Roaming/TinyTeX/texmf-dist/tex/latex/amsmath/amsbsy.st
y
Package: amsbsy 1999/11/29 v1.2d Bold Symbols
\pmbraise@=\dimen140
)
(c:/Users/Deepak/AppData/Roaming/TinyTeX/texmf-dist/tex/latex/amsmath/amsopn.st
y
Package: amsopn 2016/03/08 v2.02 operator names
)
\inf@bad=\count183
LaTeX Info: Redefining \frac on input line 234.
\uproot@=\count184
\leftroot@=\count185
LaTeX Info: Redefining \overline on input line 399.
\classnum@=\count186
\DOTSCASE@=\count187
LaTeX Info: Redefining \ldots on input line 496.
LaTeX Info: Redefining \dots on input line 499.
LaTeX Info: Redefining \cdots on input line 620.
\Mathstrutbox@=\box47
\strutbox@=\box48
\big@size=\dimen141
LaTeX Font Info:    Redeclaring font encoding OML on input line 743.
LaTeX Font Info:    Redeclaring font encoding OMS on input line 744.
\macc@depth=\count188
\c@MaxMatrixCols=\count189
\dotsspace@=\muskip16
\c@parentequation=\count190
\dspbrk@lvl=\count191
\tag@help=\toks17
\row@=\count192
\column@=\count193
\maxfields@=\count194
\andhelp@=\toks18
\eqnshift@=\dimen142
\alignsep@=\dimen143
\tagshift@=\dimen144
\tagwidth@=\dimen145
\totwidth@=\dimen146
\lineht@=\dimen147
\@envbody=\toks19
\multlinegap=\skip50
\multlinetaggap=\skip51
\mathdisplay@stack=\toks20
LaTeX Info: Redefining \[ on input line 2923.
LaTeX Info: Redefining \] on input line 2924.
)
(c:/Users/Deepak/AppData/Roaming/TinyTeX/texmf-dist/tex/generic/iftex/ifxetex.s
ty
Package: ifxetex 2019/10/25 v0.7 ifxetex legacy package. Use iftex instead.

(c:/Users/Deepak/AppData/Roaming/TinyTeX/texmf-dist/tex/generic/iftex/iftex.sty
Package: iftex 2020/03/06 v1.0d TeX engine tests
))
(c:/Users/Deepak/AppData/Roaming/TinyTeX/texmf-dist/tex/generic/iftex/ifluatex.
sty
Package: ifluatex 2019/10/25 v1.5 ifluatex legacy package. Use iftex instead.
)
(c:/Users/Deepak/AppData/Roaming/TinyTeX/texmf-dist/tex/latex/base/fixltx2e.sty
Package: fixltx2e 2016/12/29 v2.1a fixes to LaTeX (obsolete)
Applying: [2015/01/01] Old fixltx2e package on input line 46.

Package fixltx2e Warning: fixltx2e is not required with releases after 2015
(fixltx2e)                All fixes are now in the LaTeX kernel.
(fixltx2e)                See the latexrelease package for details.

Already applied: [0000/00/00] Old fixltx2e package on input line 53.
) (c:/Users/Deepak/AppData/Roaming/TinyTeX/texmf-dist/tex/latex/base/fontenc.st
y
Package: fontenc 2020/08/10 v2.0s Standard LaTeX package
LaTeX Font Info:    Trying to load font information for T1+lmr on input line 11
2.
(c:/Users/Deepak/AppData/Roaming/TinyTeX/texmf-dist/tex/latex/lm/t1lmr.fd
File: t1lmr.fd 2009/10/30 v1.6 Font defs for Latin Modern
))
(c:/Users/Deepak/AppData/Roaming/TinyTeX/texmf-dist/tex/latex/base/inputenc.sty
Package: inputenc 2020/08/01 v1.3d Input encoding file
\inpenc@prehook=\toks21
\inpenc@posthook=\toks22
)
(c:/Users/Deepak/AppData/Roaming/TinyTeX/texmf-dist/tex/latex/geometry/geometry
.sty
Package: geometry 2020/01/02 v5.9 Page Geometry

(c:/Users/Deepak/AppData/Roaming/TinyTeX/texmf-dist/tex/latex/graphics/keyval.s
ty
Package: keyval 2014/10/28 v1.15 key=value parser (DPC)
\KV@toks@=\toks23
)
(c:/Users/Deepak/AppData/Roaming/TinyTeX/texmf-dist/tex/generic/iftex/ifvtex.st
y
Package: ifvtex 2019/10/25 v1.7 ifvtex legacy package. Use iftex instead.
)
\Gm@cnth=\count195
\Gm@cntv=\count196
\c@Gm@tempcnt=\count197
\Gm@bindingoffset=\dimen148
\Gm@wd@mp=\dimen149
\Gm@odd@mp=\dimen150
\Gm@even@mp=\dimen151
\Gm@layoutwidth=\dimen152
\Gm@layoutheight=\dimen153
\Gm@layouthoffset=\dimen154
\Gm@layoutvoffset=\dimen155
\Gm@dimlist=\toks24
)
(c:/Users/Deepak/AppData/Roaming/TinyTeX/texmf-dist/tex/latex/hyperref/hyperref
.sty
Package: hyperref 2020-05-15 v7.00e Hypertext links for LaTeX

(c:/Users/Deepak/AppData/Roaming/TinyTeX/texmf-dist/tex/generic/ltxcmds/ltxcmds
.sty
Package: ltxcmds 2020-05-10 v1.25 LaTeX kernel commands for general use (HO)
)
(c:/Users/Deepak/AppData/Roaming/TinyTeX/texmf-dist/tex/generic/pdftexcmds/pdft
excmds.sty
Package: pdftexcmds 2020-06-27 v0.33 Utility functions of pdfTeX for LuaTeX (HO
)

(c:/Users/Deepak/AppData/Roaming/TinyTeX/texmf-dist/tex/generic/infwarerr/infwa
rerr.sty
Package: infwarerr 2019/12/03 v1.5 Providing info/warning/error messages (HO)
)
Package pdftexcmds Info: \pdf@primitive is available.
Package pdftexcmds Info: \pdf@ifprimitive is available.
Package pdftexcmds Info: \pdfdraftmode found.
)
(c:/Users/Deepak/AppData/Roaming/TinyTeX/texmf-dist/tex/generic/kvsetkeys/kvset
keys.sty
Package: kvsetkeys 2019/12/15 v1.18 Key value parser (HO)
)
(c:/Users/Deepak/AppData/Roaming/TinyTeX/texmf-dist/tex/generic/kvdefinekeys/kv
definekeys.sty
Package: kvdefinekeys 2019-12-19 v1.6 Define keys (HO)
)
(c:/Users/Deepak/AppData/Roaming/TinyTeX/texmf-dist/tex/generic/pdfescape/pdfes
cape.sty
Package: pdfescape 2019/12/09 v1.15 Implements pdfTeX's escape features (HO)
)
(c:/Users/Deepak/AppData/Roaming/TinyTeX/texmf-dist/tex/latex/hycolor/hycolor.s
ty
Package: hycolor 2020-01-27 v1.10 Color options for hyperref/bookmark (HO)
)
(c:/Users/Deepak/AppData/Roaming/TinyTeX/texmf-dist/tex/latex/letltxmacro/letlt
xmacro.sty
Package: letltxmacro 2019/12/03 v1.6 Let assignment for LaTeX macros (HO)
)
(c:/Users/Deepak/AppData/Roaming/TinyTeX/texmf-dist/tex/latex/auxhook/auxhook.s
ty
Package: auxhook 2019-12-17 v1.6 Hooks for auxiliary files (HO)
)
(c:/Users/Deepak/AppData/Roaming/TinyTeX/texmf-dist/tex/latex/kvoptions/kvoptio
ns.sty
Package: kvoptions 2020-10-07 v3.14 Key value format for package options (HO)
)
\@linkdim=\dimen156
\Hy@linkcounter=\count198
\Hy@pagecounter=\count199

(c:/Users/Deepak/AppData/Roaming/TinyTeX/texmf-dist/tex/latex/hyperref/pd1enc.d
ef
File: pd1enc.def 2020-05-15 v7.00e Hyperref: PDFDocEncoding definition (HO)
Now handling font encoding PD1 ...
... no UTF-8 mapping file for font encoding PD1
)
(c:/Users/Deepak/AppData/Roaming/TinyTeX/texmf-dist/tex/generic/intcalc/intcalc
.sty
Package: intcalc 2019/12/15 v1.3 Expandable calculations with integers (HO)
)
(c:/Users/Deepak/AppData/Roaming/TinyTeX/texmf-dist/tex/generic/etexcmds/etexcm
ds.sty
Package: etexcmds 2019/12/15 v1.7 Avoid name clashes with e-TeX commands (HO)
)
\Hy@SavedSpaceFactor=\count266
Package hyperref Info: Hyper figures OFF on input line 4464.
Package hyperref Info: Link nesting OFF on input line 4469.
Package hyperref Info: Hyper index ON on input line 4472.
Package hyperref Info: Plain pages OFF on input line 4479.
Package hyperref Info: Backreferencing OFF on input line 4484.
Package hyperref Info: Implicit mode ON; LaTeX internals redefined.
Package hyperref Info: Bookmarks ON on input line 4717.
\c@Hy@tempcnt=\count267
(c:/Users/Deepak/AppData/Roaming/TinyTeX/texmf-dist/tex/latex/url/url.sty
\Urlmuskip=\muskip17
Package: url 2013/09/16  ver 3.4  Verb mode for urls, etc.
)
LaTeX Info: Redefining \url on input line 5076.
\XeTeXLinkMargin=\dimen157

(c:/Users/Deepak/AppData/Roaming/TinyTeX/texmf-dist/tex/generic/bitset/bitset.s
ty
Package: bitset 2019/12/09 v1.3 Handle bit-vector datatype (HO)

(c:/Users/Deepak/AppData/Roaming/TinyTeX/texmf-dist/tex/generic/bigintcalc/bigi
ntcalc.sty
Package: bigintcalc 2019/12/15 v1.5 Expandable calculations on big integers (HO
)
))
\Fld@menulength=\count268
\Field@Width=\dimen158
\Fld@charsize=\dimen159
Package hyperref Info: Hyper figures OFF on input line 6347.
Package hyperref Info: Link nesting OFF on input line 6352.
Package hyperref Info: Hyper index ON on input line 6355.
Package hyperref Info: backreferencing OFF on input line 6362.
Package hyperref Info: Link coloring OFF on input line 6367.
Package hyperref Info: Link coloring with OCG OFF on input line 6372.
Package hyperref Info: PDF/A mode OFF on input line 6377.
LaTeX Info: Redefining \ref on input line 6417.
LaTeX Info: Redefining \pageref on input line 6421.

(c:/Users/Deepak/AppData/Roaming/TinyTeX/texmf-dist/tex/latex/base/atbegshi-ltx
.sty
Package: atbegshi-ltx 2020/08/17 v1.0a Emulation of the original atbegshi packa
ge
with kernel methods
)
\Hy@abspage=\count269
\c@Item=\count270
\c@Hfootnote=\count271
)
Package hyperref Info: Driver (autodetected): hpdftex.

(c:/Users/Deepak/AppData/Roaming/TinyTeX/texmf-dist/tex/latex/hyperref/hpdftex.
def
File: hpdftex.def 2020-05-15 v7.00e Hyperref driver for pdfTeX

(c:/Users/Deepak/AppData/Roaming/TinyTeX/texmf-dist/tex/latex/base/atveryend-lt
x.sty
Package: atveryend-ltx 2020/08/19 v1.0a Emulation of the original atvery packag
e
with kernel methods
)
\Fld@listcount=\count272
\c@bookmark@seq@number=\count273

(c:/Users/Deepak/AppData/Roaming/TinyTeX/texmf-dist/tex/latex/rerunfilecheck/re
runfilecheck.sty
Package: rerunfilecheck 2019/12/05 v1.9 Rerun checks for auxiliary files (HO)

(c:/Users/Deepak/AppData/Roaming/TinyTeX/texmf-dist/tex/generic/uniquecounter/u
niquecounter.sty
Package: uniquecounter 2019/12/15 v1.4 Provide unlimited unique counter (HO)
)
Package uniquecounter Info: New unique counter `rerunfilecheck' on input line 2
86.
)
\Hy@SectionHShift=\skip52
)
Package hyperref Info: Option `unicode' set `true' on input line 28.

(c:/Users/Deepak/AppData/Roaming/TinyTeX/texmf-dist/tex/latex/hyperref/puenc.de
f
File: puenc.def 2020-05-15 v7.00e Hyperref: PDF Unicode definition (HO)
Now handling font encoding PU ...
... no UTF-8 mapping file for font encoding PU
)
Package hyperref Info: Option `breaklinks' set `true' on input line 28.

(c:/Users/Deepak/AppData/Roaming/TinyTeX/texmf-dist/tex/latex/graphics/graphicx
.sty
Package: graphicx 2020/09/09 v1.2b Enhanced LaTeX Graphics (DPC,SPQR)

(c:/Users/Deepak/AppData/Roaming/TinyTeX/texmf-dist/tex/latex/graphics/graphics
.sty
Package: graphics 2020/08/30 v1.4c Standard LaTeX Graphics (DPC,SPQR)

(c:/Users/Deepak/AppData/Roaming/TinyTeX/texmf-dist/tex/latex/graphics/trig.sty
Package: trig 2016/01/03 v1.10 sin cos tan (DPC)
)
(c:/Users/Deepak/AppData/Roaming/TinyTeX/texmf-dist/tex/latex/graphics-cfg/grap
hics.cfg
File: graphics.cfg 2016/06/04 v1.11 sample graphics configuration
)
Package graphics Info: Driver file: pdftex.def on input line 105.

(c:/Users/Deepak/AppData/Roaming/TinyTeX/texmf-dist/tex/latex/graphics-def/pdft
ex.def
File: pdftex.def 2020/10/05 v1.2a Graphics/color driver for pdftex
))
\Gin@req@height=\dimen160
\Gin@req@width=\dimen161
)
(c:/Users/Deepak/AppData/Roaming/TinyTeX/texmf-dist/tex/latex/grffile/grffile.s
ty
Package: grffile 2019/11/11 v2.1 Extended file name support for graphics (legac
y)
Package grffile Info: This package is an empty stub for compatibility on input 
line 40.
)
(c:/Users/Deepak/AppData/Roaming/TinyTeX/texmf-dist/tex/latex/titling/titling.s
ty
Package: titling 2009/09/04 v2.1d maketitle typesetting
\thanksmarkwidth=\skip53
\thanksmargin=\skip54
\droptitle=\skip55
)
(c:/Users/Deepak/AppData/Roaming/TinyTeX/texmf-dist/tex/latex/booktabs/booktabs
.sty
Package: booktabs 2020/01/12 v1.61803398 Publication quality tables
\heavyrulewidth=\dimen162
\lightrulewidth=\dimen163
\cmidrulewidth=\dimen164
\belowrulesep=\dimen165
\belowbottomsep=\dimen166
\aboverulesep=\dimen167
\abovetopsep=\dimen168
\cmidrulesep=\dimen169
\cmidrulekern=\dimen170
\defaultaddspace=\dimen171
\@cmidla=\count274
\@cmidlb=\count275
\@aboverulesep=\dimen172
\@belowrulesep=\dimen173
\@thisruleclass=\count276
\@lastruleclass=\count277
\@thisrulewidth=\dimen174
)
(c:/Users/Deepak/AppData/Roaming/TinyTeX/texmf-dist/tex/latex/tools/longtable.s
ty
Package: longtable 2020/01/07 v4.13 Multi-page Table package (DPC)
\LTleft=\skip56
\LTright=\skip57
\LTpre=\skip58
\LTpost=\skip59
\LTchunksize=\count278
\LTcapwidth=\dimen175
\LT@head=\box49
\LT@firsthead=\box50
\LT@foot=\box51
\LT@lastfoot=\box52
\LT@cols=\count279
\LT@rows=\count280
\c@LT@tables=\count281
\c@LT@chunks=\count282
\LT@p@ftn=\toks25
) (c:/Users/Deepak/AppData/Roaming/TinyTeX/texmf-dist/tex/latex/tools/array.sty
Package: array 2020/10/01 v2.5c Tabular extension package (FMi)
\col@sep=\dimen176
\ar@mcellbox=\box53
\extrarowheight=\dimen177
\NC@list=\toks26
\extratabsurround=\skip60
\backup@length=\skip61
\ar@cellbox=\box54
)
(c:/Users/Deepak/AppData/Roaming/TinyTeX/texmf-dist/tex/latex/multirow/multirow
.sty
Package: multirow 2019/05/31 v2.5 Span multiple rows of a table
\multirow@colwidth=\skip62
\multirow@cntb=\count283
\multirow@dima=\skip63
\bigstrutjot=\dimen178
)
(c:/Users/Deepak/AppData/Roaming/TinyTeX/texmf-dist/tex/latex/wrapfig/wrapfig.s
ty
\wrapoverhang=\dimen179
\WF@size=\dimen180
\c@WF@wrappedlines=\count284
\WF@box=\box55
\WF@everypar=\toks27
Package: wrapfig 2003/01/31  v 3.6
) (c:/Users/Deepak/AppData/Roaming/TinyTeX/texmf-dist/tex/latex/float/float.sty
Package: float 2001/11/08 v1.3d Float enhancements (AL)
\c@float@type=\count285
\float@exts=\toks28
\float@box=\box56
\@float@everytoks=\toks29
\@floatcapt=\box57
)
(c:/Users/Deepak/AppData/Roaming/TinyTeX/texmf-dist/tex/latex/colortbl/colortbl
.sty
Package: colortbl 2020/01/04 v1.0e Color table columns (DPC)

(c:/Users/Deepak/AppData/Roaming/TinyTeX/texmf-dist/tex/latex/graphics/color.st
y
Package: color 2020/02/24 v1.2b Standard LaTeX Color (DPC)

(c:/Users/Deepak/AppData/Roaming/TinyTeX/texmf-dist/tex/latex/graphics-cfg/colo
r.cfg
File: color.cfg 2016/01/02 v1.6 sample color configuration
)
Package color Info: Driver file: pdftex.def on input line 147.
)
\everycr=\toks30
\minrowclearance=\skip64
)
(c:/Users/Deepak/AppData/Roaming/TinyTeX/texmf-dist/tex/latex/pdflscape/pdflsca
pe.sty
Package: pdflscape 2019/12/05 v0.12 Display of landscape pages in PDF (HO)

(c:/Users/Deepak/AppData/Roaming/TinyTeX/texmf-dist/tex/latex/graphics/lscape.s
ty
Package: lscape 2020/05/28 v3.02 Landscape Pages (DPC)
)
Package pdflscape Info: Auto-detected driver: pdftex on input line 81.
) (c:/Users/Deepak/AppData/Roaming/TinyTeX/texmf-dist/tex/latex/tabu/tabu.sty
Package: tabu 2019/01/11 v2.9 - flexible LaTeX tabulars (FC+tabu-fixed)

(c:/Users/Deepak/AppData/Roaming/TinyTeX/texmf-dist/tex/latex/varwidth/varwidth
.sty
Package: varwidth 2009/03/30 ver 0.92;  Variable-width minipages
\@vwid@box=\box58
\sift@deathcycles=\count286
\@vwid@loff=\dimen181
\@vwid@roff=\dimen182
)
\c@taburow=\count287
\tabu@nbcols=\count288
\tabu@cnt=\count289
\tabu@Xcol=\count290
\tabu@alloc=\count291
\tabu@nested=\count292
\tabu@target=\dimen183
\tabu@spreadtarget=\dimen184
\tabu@naturalX=\dimen185
\tabucolX=\dimen186
\tabu@Xsum=\dimen187
\extrarowdepth=\dimen188
\abovetabulinesep=\dimen189
\belowtabulinesep=\dimen190
\tabustrutrule=\dimen191
\tabu@thebody=\toks31
\tabu@footnotes=\toks32
\tabu@box=\box59
\tabu@arstrutbox=\box60
\tabu@hleads=\box61
\tabu@vleads=\box62
\tabu@cellskip=\skip65
)
(c:/Users/Deepak/AppData/Roaming/TinyTeX/texmf-dist/tex/latex/threeparttable/th
reeparttable.sty
Package: threeparttable 2003/06/13  v 3.0
\@tempboxb=\box63
)
(c:/Users/Deepak/AppData/Roaming/TinyTeX/texmf-dist/tex/latex/threeparttablex/t
hreeparttablex.sty
Package: threeparttablex 2013/07/23 v0.3 by daleif

(c:/Users/Deepak/AppData/Roaming/TinyTeX/texmf-dist/tex/latex/environ/environ.s
ty
Package: environ 2014/05/04 v0.3 A new way to define environments

(c:/Users/Deepak/AppData/Roaming/TinyTeX/texmf-dist/tex/latex/trimspaces/trimsp
aces.sty
Package: trimspaces 2009/09/17 v1.1 Trim spaces around a token list
))
\TPTL@width=\skip66
) (c:/Users/Deepak/AppData/Roaming/TinyTeX/texmf-dist/tex/generic/ulem/ulem.sty
\UL@box=\box64
\UL@hyphenbox=\box65
\UL@skip=\skip67
\UL@hook=\toks33
\UL@height=\dimen192
\UL@pe=\count293
\UL@pixel=\dimen193
\ULC@box=\box66
Package: ulem 2019/11/18
\ULdepth=\dimen194
)
(c:/Users/Deepak/AppData/Roaming/TinyTeX/texmf-dist/tex/latex/makecell/makecell
.sty
Package: makecell 2009/08/03 V0.1e Managing of Tab Column Heads and Cells
\rotheadsize=\dimen195
\c@nlinenum=\count294
\TeXr@lab=\toks34
)
(c:/Users/Deepak/AppData/Roaming/TinyTeX/texmf-dist/tex/latex/xcolor/xcolor.sty
Package: xcolor 2016/05/11 v2.12 LaTeX color extensions (UK)

(c:/Users/Deepak/AppData/Roaming/TinyTeX/texmf-dist/tex/latex/graphics-cfg/colo
r.cfg
File: color.cfg 2016/01/02 v1.6 sample color configuration
)
Package xcolor Info: Driver file: pdftex.def on input line 225.
LaTeX Info: Redefining \color on input line 709.
Package xcolor Info: Model `cmy' substituted by `cmy0' on input line 1348.
Package xcolor Info: Model `hsb' substituted by `rgb' on input line 1352.
Package xcolor Info: Model `RGB' extended on input line 1364.
Package xcolor Info: Model `HTML' substituted by `rgb' on input line 1366.
Package xcolor Info: Model `Hsb' substituted by `hsb' on input line 1367.
Package xcolor Info: Model `tHsb' substituted by `hsb' on input line 1368.
Package xcolor Info: Model `HSB' substituted by `hsb' on input line 1369.
Package xcolor Info: Model `Gray' substituted by `gray' on input line 1370.
Package xcolor Info: Model `wave' substituted by `hsb' on input line 1371.
)
(c:/Users/Deepak/AppData/Roaming/TinyTeX/texmf-dist/tex/latex/l3backend/l3backe
nd-pdftex.def
File: l3backend-pdftex.def 2020-09-24 L3 backend support: PDF output (pdfTeX)
\l__kernel_color_stack_int=\count295
\l__pdf_internal_box=\box67
) (./FinalReport.aux)
\openout1 = `FinalReport.aux'.

LaTeX Font Info:    Checking defaults for OML/cmm/m/it on input line 100.
LaTeX Font Info:    ... okay on input line 100.
LaTeX Font Info:    Checking defaults for OMS/cmsy/m/n on input line 100.
LaTeX Font Info:    ... okay on input line 100.
LaTeX Font Info:    Checking defaults for OT1/cmr/m/n on input line 100.
LaTeX Font Info:    ... okay on input line 100.
LaTeX Font Info:    Checking defaults for T1/cmr/m/n on input line 100.
LaTeX Font Info:    ... okay on input line 100.
LaTeX Font Info:    Checking defaults for TS1/cmr/m/n on input line 100.
LaTeX Font Info:    ... okay on input line 100.
LaTeX Font Info:    Checking defaults for OMX/cmex/m/n on input line 100.
LaTeX Font Info:    ... okay on input line 100.
LaTeX Font Info:    Checking defaults for U/cmr/m/n on input line 100.
LaTeX Font Info:    ... okay on input line 100.
LaTeX Font Info:    Checking defaults for PD1/pdf/m/n on input line 100.
LaTeX Font Info:    ... okay on input line 100.
LaTeX Font Info:    Checking defaults for PU/pdf/m/n on input line 100.
LaTeX Font Info:    ... okay on input line 100.
*geometry* driver: auto-detecting
*geometry* detected driver: pdftex
*geometry* verbose mode - [ preamble ] result:
* driver: pdftex
* paper: a4paper
* layout: <same size as paper>
* layoutoffset:(h,v)=(0.0pt,0.0pt)
* modes: 
* h-part:(L,W,R)=(108.12054pt, 418.25545pt, 71.13188pt)
* v-part:(T,H,B)=(71.13188pt, 702.78308pt, 71.13188pt)
* \paperwidth=597.50787pt
* \paperheight=845.04684pt
* \textwidth=418.25545pt
* \textheight=702.78308pt
* \oddsidemargin=35.85056pt
* \evensidemargin=35.85056pt
* \topmargin=-38.1381pt
* \headheight=12.0pt
* \headsep=25.0pt
* \topskip=12.0pt
* \footskip=30.0pt
* \marginparwidth=35.0pt
* \marginparsep=10.0pt
* \columnsep=10.0pt
* \skip\footins=10.8pt plus 4.0pt minus 2.0pt
* \hoffset=0.0pt
* \voffset=0.0pt
* \mag=1000
* \@twocolumnfalse
* \@twosidefalse
* \@mparswitchfalse
* \@reversemarginfalse
* (1in=72.27pt=25.4mm, 1cm=28.453pt)

Package hyperref Info: Link coloring OFF on input line 100.

(c:/Users/Deepak/AppData/Roaming/TinyTeX/texmf-dist/tex/latex/hyperref/nameref.
sty
Package: nameref 2019/09/16 v2.46 Cross-referencing by name of section

(c:/Users/Deepak/AppData/Roaming/TinyTeX/texmf-dist/tex/latex/refcount/refcount
.sty
Package: refcount 2019/12/15 v3.6 Data extraction from label references (HO)
)
(c:/Users/Deepak/AppData/Roaming/TinyTeX/texmf-dist/tex/generic/gettitlestring/
gettitlestring.sty
Package: gettitlestring 2019/12/15 v1.6 Cleanup title references (HO)
)
\c@section@level=\count296
)
LaTeX Info: Redefining \ref on input line 100.
LaTeX Info: Redefining \pageref on input line 100.
LaTeX Info: Redefining \nameref on input line 100.
(./FinalReport.out) (./FinalReport.out)
\@outlinefile=\write3
\openout3 = `FinalReport.out'.


(c:/Users/Deepak/AppData/Roaming/TinyTeX/texmf-dist/tex/latex/epstopdf-pkg/epst
opdf-base.sty
Package: epstopdf-base 2020-01-24 v2.11 Base part for package epstopdf
Package epstopdf-base Info: Redefining graphics rule for `.eps' on input line 4
85.

(c:/Users/Deepak/AppData/Roaming/TinyTeX/texmf-dist/tex/latex/latexconfig/epsto
pdf-sys.cfg
File: epstopdf-sys.cfg 2010/07/13 v1.3 Configuration of (r)epstopdf for TeX Liv
e
))
<Screenshots/download.png, id=92, 309.155pt x 163.61125pt>
File: Screenshots/download.png Graphic file (type png)
<use Screenshots/download.png>
Package pdftex.def Info: Screenshots/download.png  used on input line 110.
(pdftex.def)             Requested size: 113.81004pt x 60.23064pt.
[1

{c:/Users/Deepak/AppData/Roaming/TinyTeX/texmf-var/fonts/map/pdftex/updmap/pdft
ex.map} <./Screenshots/download.png>] [2] (./FinalReport.toc
LaTeX Font Info:    Calculating math sizes for size <14> on input line 6.
LaTeX Font Info:    Trying to load font information for OT1+lmr on input line 6
.
(c:/Users/Deepak/AppData/Roaming/TinyTeX/texmf-dist/tex/latex/lm/ot1lmr.fd
File: ot1lmr.fd 2009/10/30 v1.6 Font defs for Latin Modern
)
LaTeX Font Info:    Trying to load font information for OML+lmm on input line 6
.
(c:/Users/Deepak/AppData/Roaming/TinyTeX/texmf-dist/tex/latex/lm/omllmm.fd
File: omllmm.fd 2009/10/30 v1.6 Font defs for Latin Modern
)
LaTeX Font Info:    Trying to load font information for OMS+lmsy on input line 
6.
(c:/Users/Deepak/AppData/Roaming/TinyTeX/texmf-dist/tex/latex/lm/omslmsy.fd
File: omslmsy.fd 2009/10/30 v1.6 Font defs for Latin Modern
)
LaTeX Font Info:    Trying to load font information for OMX+lmex on input line 
6.
(c:/Users/Deepak/AppData/Roaming/TinyTeX/texmf-dist/tex/latex/lm/omxlmex.fd
File: omxlmex.fd 2009/10/30 v1.6 Font defs for Latin Modern
)
LaTeX Font Info:    External font `lmex10' loaded for size
(Font)              <14> on input line 6.
LaTeX Font Info:    External font `lmex10' loaded for size
(Font)              <9.79996> on input line 6.
LaTeX Font Info:    External font `lmex10' loaded for size
(Font)              <7> on input line 6.
LaTeX Font Info:    Trying to load font information for U+msa on input line 6.
(c:/Users/Deepak/AppData/Roaming/TinyTeX/texmf-dist/tex/latex/amsfonts/umsa.fd
File: umsa.fd 2013/01/14 v3.01 AMS symbols A
)
LaTeX Font Info:    Trying to load font information for U+msb on input line 6.
(c:/Users/Deepak/AppData/Roaming/TinyTeX/texmf-dist/tex/latex/amsfonts/umsb.fd
File: umsb.fd 2013/01/14 v3.01 AMS symbols B
) [3])
\tf@toc=\write4
\openout4 = `FinalReport.toc'.

[4] (./FinalReport.lot)
\tf@lot=\write5
\openout5 = `FinalReport.lot'.

[5] (./FinalReport.lof)
\tf@lof=\write6
\openout6 = `FinalReport.lof'.

[6] [1] [2] [3] [4]
<Screenshots/Capture.png, id=224, 621.82312pt x 213.79875pt>
File: Screenshots/Capture.png Graphic file (type png)
<use Screenshots/Capture.png>
Package pdftex.def Info: Screenshots/Capture.png  used on input line 320.
(pdftex.def)             Requested size: 621.8216pt x 213.79822pt.
[5

pdfTeX warning (ext4): destination with the same identifier (name{figure.1}) ha
s been already used, duplicate ignored
<argument> ...shipout:D \box_use:N \l_shipout_box 
                                                  
l.329 \end{landscape}
                      <./Screenshots/Capture.PNG>] [6

]
LaTeX Font Info:    External font `lmex10' loaded for size
(Font)              <12> on input line 369.
LaTeX Font Info:    External font `lmex10' loaded for size
(Font)              <8> on input line 369.
LaTeX Font Info:    External font `lmex10' loaded for size
(Font)              <6> on input line 369.

Overfull \hbox (12.82683pt too wide) in paragraph at lines 369--383
 [][] 
 []


Overfull \hbox (63.62457pt too wide) in paragraph at lines 390--402
 [][] 
 []

[7

pdfTeX warning (ext4): destination with the same identifier (name{table.1}) has
 been already used, duplicate ignored
<argument> ...shipout:D \box_use:N \l_shipout_box 
                                                  
l.404 \end{landscape}
                     pdfTeX warning (ext4): destination with the same identifie
r (name{table.2}) has been already used, duplicate ignored
<argument> ...shipout:D \box_use:N \l_shipout_box 
                                                  
l.404 \end{landscape}
                     ]
<FinalReport_files/figure-latex/unnamed-chunk-5-1.pdf, id=246, 505.89pt x 361.3
5pt>
File: FinalReport_files/figure-latex/unnamed-chunk-5-1.pdf Graphic file (type p
df)
<use FinalReport_files/figure-latex/unnamed-chunk-5-1.pdf>
Package pdftex.def Info: FinalReport_files/figure-latex/unnamed-chunk-5-1.pdf  
used on input line 439.
(pdftex.def)             Requested size: 418.25981pt x 298.75702pt.
[8

pdfTeX warning (ext4): destination with the same identifier (name{table.3}) has
 been already used, duplicate ignored
<argument> ...shipout:D \box_use:N \l_shipout_box 
                                                  
l.446 \newpage
              pdfTeX warning (ext4): destination with the same identifier (name
{figure.2}) has been already used, duplicate ignored
<argument> ...shipout:D \box_use:N \l_shipout_box 
                                                  
l.446 \newpage
               <./FinalReport_files/figure-latex/unnamed-chunk-5-1.pdf>]
<FinalReport_files/figure-latex/unnamed-chunk-6-1.pdf, id=261, 650.43pt x 650.4
3pt>
File: FinalReport_files/figure-latex/unnamed-chunk-6-1.pdf Graphic file (type p
df)
<use FinalReport_files/figure-latex/unnamed-chunk-6-1.pdf>
Package pdftex.def Info: FinalReport_files/figure-latex/unnamed-chunk-6-1.pdf  
used on input line 461.
(pdftex.def)             Requested size: 418.26865pt x 418.26865pt.
[9pdfTeX warning (ext4): destination with the same identifier (name{figure.3}) 
has been already used, duplicate ignored
<argument> ...shipout:D \box_use:N \l_shipout_box 
                                                  
l.468 \newpage
               <./FinalReport_files/figure-latex/unnamed-chunk-6-1.pdf>] [10pdf
TeX warning (ext4): destination with the same identifier (name{table.4}) has be
en already used, duplicate ignored
<argument> ...shipout:D \box_use:N \l_shipout_box 
                                                  
l.518 \newpage
              pdfTeX warning (ext4): destination with the same identifier (name
{table.5}) has been already used, duplicate ignored
<argument> ...shipout:D \box_use:N \l_shipout_box 
                                                  
l.518 \newpage
              ]
<FinalReport_files/figure-latex/unnamed-chunk-9-1.pdf, id=280, 650.43pt x 505.8
9pt>
File: FinalReport_files/figure-latex/unnamed-chunk-9-1.pdf Graphic file (type p
df)
<use FinalReport_files/figure-latex/unnamed-chunk-9-1.pdf>
Package pdftex.def Info: FinalReport_files/figure-latex/unnamed-chunk-9-1.pdf  
used on input line 538.
(pdftex.def)             Requested size: 418.26865pt x 325.32005pt.
[11pdfTeX warning (ext4): destination with the same identifier (name{figure.4})
 has been already used, duplicate ignored
<argument> ...shipout:D \box_use:N \l_shipout_box 
                                                  
l.545 \newpage
               <./FinalReport_files/figure-latex/unnamed-chunk-9-1.pdf>]
<FinalReport_files/figure-latex/unnamed-chunk-10-1.pdf, id=293, 650.43pt x 505.
89pt>
File: FinalReport_files/figure-latex/unnamed-chunk-10-1.pdf Graphic file (type 
pdf)
<use FinalReport_files/figure-latex/unnamed-chunk-10-1.pdf>
Package pdftex.def Info: FinalReport_files/figure-latex/unnamed-chunk-10-1.pdf 
 used on input line 558.
(pdftex.def)             Requested size: 418.26865pt x 325.32005pt.
[12pdfTeX warning (ext4): destination with the same identifier (name{figure.5})
 has been already used, duplicate ignored
<argument> ...shipout:D \box_use:N \l_shipout_box 
                                                  
l.565 \newpage
               <./FinalReport_files/figure-latex/unnamed-chunk-10-1.pdf>]
<FinalReport_files/figure-latex/unnamed-chunk-11-1.pdf, id=306, 650.43pt x 361.
35pt>
File: FinalReport_files/figure-latex/unnamed-chunk-11-1.pdf Graphic file (type 
pdf)
<use FinalReport_files/figure-latex/unnamed-chunk-11-1.pdf>
Package pdftex.def Info: FinalReport_files/figure-latex/unnamed-chunk-11-1.pdf 
 used on input line 589.
(pdftex.def)             Requested size: 418.26865pt x 232.37148pt.
[13pdfTeX warning (ext4): destination with the same identifier (name{figure.6})
 has been already used, duplicate ignored
<argument> ...shipout:D \box_use:N \l_shipout_box 
                                                  
l.596 \newpage
               <./FinalReport_files/figure-latex/unnamed-chunk-11-1.pdf>]
LaTeX Font Info:    Trying to load font information for TS1+lmr on input line 6
27.
(c:/Users/Deepak/AppData/Roaming/TinyTeX/texmf-dist/tex/latex/lm/ts1lmr.fd
File: ts1lmr.fd 2009/10/30 v1.6 Font defs for Latin Modern
) [14]
<FinalReport_files/figure-latex/unnamed-chunk-12-1.pdf, id=325, 650.43pt x 505.
89pt>
File: FinalReport_files/figure-latex/unnamed-chunk-12-1.pdf Graphic file (type 
pdf)
<use FinalReport_files/figure-latex/unnamed-chunk-12-1.pdf>
Package pdftex.def Info: FinalReport_files/figure-latex/unnamed-chunk-12-1.pdf 
 used on input line 653.
(pdftex.def)             Requested size: 418.26865pt x 325.32005pt.
[15pdfTeX warning (ext4): destination with the same identifier (name{figure.7})
 has been already used, duplicate ignored
<argument> ...shipout:D \box_use:N \l_shipout_box 
                                                  
l.674 
       <./FinalReport_files/figure-latex/unnamed-chunk-12-1.pdf>] [16pdfTeX war
ning (ext4): destination with the same identifier (name{table.6}) has been alre
ady used, duplicate ignored
<argument> ...shipout:D \box_use:N \l_shipout_box 
                                                  
l.701 \newpage
              ]
<Screenshots/kmeans.png, id=343, 446.66875pt x 349.80687pt>
File: Screenshots/kmeans.png Graphic file (type png)
<use Screenshots/kmeans.png>
Package pdftex.def Info: Screenshots/kmeans.png  used on input line 744.
(pdftex.def)             Requested size: 446.6949pt x 349.82736pt.

Overfull \hbox (28.43945pt too wide) in paragraph at lines 744--745
 [][] 
 []


LaTeX Warning: `h' float specifier changed to `ht'.

[17] [18pdfTeX warning (ext4): destination with the same identifier (name{figur
e.8}) has been already used, duplicate ignored
<argument> ...shipout:D \box_use:N \l_shipout_box 
                                                  
l.777 \]
         <./Screenshots/kmeans.PNG>]
<Screenshots/kml_working.png, id=357, 140.525pt x 169.13188pt>
File: Screenshots/kml_working.png Graphic file (type png)
<use Screenshots/kml_working.png>
Package pdftex.def Info: Screenshots/kml_working.png  used on input line 812.
(pdftex.def)             Requested size: 140.52893pt x 169.13661pt.
[19] [20pdfTeX warning (ext4): destination with the same identifier (name{figur
e.9}) has been already used, duplicate ignored
<argument> ...shipout:D \box_use:N \l_shipout_box 
                                                  
l.852 
       <./Screenshots/kml_working.png>]
<Screenshots/cld.png, id=378, 428.60126pt x 162.10562pt>
File: Screenshots/cld.png Graphic file (type png)
<use Screenshots/cld.png>
Package pdftex.def Info: Screenshots/cld.png  used on input line 869.
(pdftex.def)             Requested size: 428.62636pt x 162.11511pt.

Overfull \hbox (10.37091pt too wide) in paragraph at lines 869--869
[][]
 []


LaTeX Warning: `h' float specifier changed to `ht'.

[21] [22pdfTeX warning (ext4): destination with the same identifier (name{figur
e.10}) has been already used, duplicate ignored
<argument> ...shipout:D \box_use:N \l_shipout_box 
                                                  
l.911 
       <./Screenshots/cld.PNG>] [23]
<Screenshots/Quality.png, id=397, 722.7pt x 371.13657pt>
File: Screenshots/Quality.png Graphic file (type png)
<use Screenshots/Quality.png>
Package pdftex.def Info: Screenshots/Quality.png  used on input line 939.
(pdftex.def)             Requested size: 722.70924pt x 371.14131pt.

Overfull \hbox (19.92616pt too wide) in paragraph at lines 939--940
 [][] 
 []


LaTeX Warning: `h' float specifier changed to `ht'.

[24pdfTeX warning (ext4): destination with the same identifier (name{figure.11}
) has been already used, duplicate ignored
<argument> ...shipout:D \box_use:N \l_shipout_box 
                                                  
l.946 \end{landscape}
                      <./Screenshots/Quality.png>] [25


]
<Screenshots/res_boys11.png, id=412, 609.77812pt x 432.11438pt>
File: Screenshots/res_boys11.png Graphic file (type png)
<use Screenshots/res_boys11.png>
Package pdftex.def Info: Screenshots/res_boys11.png  used on input line 985.
(pdftex.def)             Requested size: 590.24657pt x 418.2735pt.

LaTeX Warning: Float too large for page by 26.85136pt on input line 990.


LaTeX Warning: `h' float specifier changed to `ht'.

<Screenshots/res_boys21.png, id=413, 549.55313pt x 431.11063pt>
File: Screenshots/res_boys21.png Graphic file (type png)
<use Screenshots/res_boys21.png>
Package pdftex.def Info: Screenshots/res_boys21.png  used on input line 995.
(pdftex.def)             Requested size: 533.18329pt x 418.26889pt.

LaTeX Warning: Float too large for page by 26.84676pt on input line 1000.


LaTeX Warning: `h' float specifier changed to `ht'.

[26pdfTeX warning (ext4): destination with the same identifier (name{figure.12}
) has been already used, duplicate ignored
<argument> ...shipout:D \box_use:N \l_shipout_box 
                                                  
l.1001 \end{landscape}
                       <./Screenshots/res_boys11.PNG>] [27pdfTeX warning (ext4)
: destination with the same identifier (name{figure.13}) has been already used,
 duplicate ignored
<argument> ...shipout:D \box_use:N \l_shipout_box 
                                                  
l.1001 \end{landscape}
                       <./Screenshots/res_boys21.PNG>] [28


]
<Screenshots/res_boysnew.png, id=430, 433.62pt x 361.35pt>
File: Screenshots/res_boysnew.png Graphic file (type png)
<use Screenshots/res_boysnew.png>
Package pdftex.def Info: Screenshots/res_boysnew.png  used on input line 1041.
(pdftex.def)             Requested size: 433.61894pt x 361.34912pt.

Overfull \hbox (15.3635pt too wide) in paragraph at lines 1041--1042
[][]
 []


Underfull \hbox (badness 10000) in paragraph at lines 1041--1042

 []

[29pdfTeX warning (ext4): destination with the same identifier (name{figure.14}
) has been already used, duplicate ignored
<argument> ...shipout:D \box_use:N \l_shipout_box 
                                                  
l.1059 \begin{landscape}
                         <./Screenshots/res_boysnew.png>]
<Screenshots/Clustercompboys.png, id=437, 748.29562pt x 372.39125pt>
File: Screenshots/Clustercompboys.png Graphic file (type png)
<use Screenshots/Clustercompboys.png>
Package pdftex.def Info: Screenshots/Clustercompboys.png  used on input line 10
62.
(pdftex.def)             Requested size: 748.31662pt x 372.40169pt.

Overfull \hbox (45.53354pt too wide) in paragraph at lines 1062--1063
[][]
 []


Underfull \hbox (badness 10000) in paragraph at lines 1062--1063

 []


LaTeX Warning: `h' float specifier changed to `ht'.

[30pdfTeX warning (ext4): destination with the same identifier (name{figure.15}
) has been already used, duplicate ignored
<argument> ...shipout:D \box_use:N \l_shipout_box 
                                                  
l.1066 \end{landscape}
                       <./Screenshots/Clustercompboys.png>] [31


]
<Screenshots/res_girls11.png, id=451, 560.59438pt x 432.11438pt>
File: Screenshots/res_girls11.png Graphic file (type png)
<use Screenshots/res_girls11.png>
Package pdftex.def Info: Screenshots/res_girls11.png  used on input line 1088.
(pdftex.def)             Requested size: 542.63821pt x 418.2735pt.

LaTeX Warning: Float too large for page by 26.85136pt on input line 1093.


LaTeX Warning: `h' float specifier changed to `ht'.

<Screenshots/res_girls21.png, id=452, 578.66188pt x 431.11063pt>
File: Screenshots/res_girls21.png Graphic file (type png)
<use Screenshots/res_girls21.png>
Package pdftex.def Info: Screenshots/res_girls21.png  used on input line 1098.
(pdftex.def)             Requested size: 561.42496pt x 418.26889pt.

LaTeX Warning: Float too large for page by 26.84676pt on input line 1103.


LaTeX Warning: `h' float specifier changed to `ht'.

[32pdfTeX warning (ext4): destination with the same identifier (name{figure.16}
) has been already used, duplicate ignored
<argument> ...shipout:D \box_use:N \l_shipout_box 
                                                  
l.1105 \end{landscape}
                       <./Screenshots/res_girls11.PNG>] [33pdfTeX warning (ext4
): destination with the same identifier (name{figure.17}) has been already used
, duplicate ignored
<argument> ...shipout:D \box_use:N \l_shipout_box 
                                                  
l.1105 \end{landscape}
                       <./Screenshots/res_girls21.PNG>]
<Screenshots/res_girlsnew.png, id=464, 433.62pt x 361.35pt>
File: Screenshots/res_girlsnew.png Graphic file (type png)
<use Screenshots/res_girlsnew.png>
Package pdftex.def Info: Screenshots/res_girlsnew.png  used on input line 1120.

(pdftex.def)             Requested size: 433.61894pt x 361.34912pt.

Overfull \hbox (15.3635pt too wide) in paragraph at lines 1120--1121
[][]
 []


Underfull \hbox (badness 10000) in paragraph at lines 1120--1121

 []

[34


pdfTeX warning (ext4): destination with the same identifier (name{figure.18}) h
as been already used, duplicate ignored
<argument> ...shipout:D \box_use:N \l_shipout_box 
                                                  
l.1131 \begin{landscape}
                         <./Screenshots/res_girlsnew.png>]
<Screenshots/Clustercompgirls.png, id=471, 779.41188pt x 379.91937pt>
File: Screenshots/Clustercompgirls.png Graphic file (type png)
<use Screenshots/Clustercompgirls.png>
Package pdftex.def Info: Screenshots/Clustercompgirls.png  used on input line 1
134.
(pdftex.def)             Requested size: 779.43376pt x 379.93001pt.

Overfull \hbox (76.65068pt too wide) in paragraph at lines 1134--1135
[][]
 []


Underfull \hbox (badness 10000) in paragraph at lines 1134--1135

 []


LaTeX Warning: Float too large for page by 3.00787pt on input line 1137.


LaTeX Warning: `h' float specifier changed to `ht'.

[35pdfTeX warning (ext4): destination with the same identifier (name{figure.19}
) has been already used, duplicate ignored
<argument> ...shipout:D \box_use:N \l_shipout_box 
                                                  
l.1138 \end{landscape}
                       <./Screenshots/Clustercompgirls.png>] [36


]
Underfull \hbox (badness 1997) in paragraph at lines 1178--1182
\T1/cmr/m/n/14.4 graph-ics'. Avail-able at: []$https : / / CRAN . R-[]project .
 org / package =
 []

[37] [38] (./FinalReport.aux)
Package rerunfilecheck Info: File `FinalReport.out' has not changed.
(rerunfilecheck)             Checksum: 6EFB8E1526929981B0EA0A41EC36E1F8;3200.
 ) 
Here is how much of TeX's memory you used:
 12369 strings out of 481466
 182599 string characters out of 5920086
 478117 words of memory out of 5000000
 28690 multiletter control sequences out of 15000+600000
 585748 words of font info for 76 fonts, out of 8000000 for 9000
 14 hyphenation exceptions out of 8191
 66i,9n,72p,562b,389s stack positions out of 5000i,500n,10000p,200000b,80000s
{c:/Users/Deepak/AppData/Roaming/TinyTeX/texmf-dist/fonts/enc/dvips/lm/lm-mat
hsy.enc}{c:/Users/Deepak/AppData/Roaming/TinyTeX/texmf-dist/fonts/enc/dvips/lm/
lm-rm.enc}{c:/Users/Deepak/AppData/Roaming/TinyTeX/texmf-dist/fonts/enc/dvips/l
m/lm-mathit.enc}{c:/Users/Deepak/AppData/Roaming/TinyTeX/texmf-dist/fonts/enc/d
vips/lm/lm-mathex.enc}{c:/Users/Deepak/AppData/Roaming/TinyTeX/texmf-dist/fonts
/enc/dvips/lm/lm-ts1.enc} <c:/Users/Deepak/AppData/Roaming/TinyTeX/texmf-var/fo
nts/pk/ljfour/jknappen/ec/ecti1440.600pk>{c:/Users/Deepak/AppData/Roaming/TinyT
eX/texmf-dist/fonts/enc/dvips/lm/lm-ec.enc} <c:/Users/Deepak/AppData/Roaming/Ti
nyTeX/texmf-var/fonts/pk/ljfour/jknappen/ec/ecrb1440.600pk> <c:/Users/Deepak/Ap
pData/Roaming/TinyTeX/texmf-var/fonts/pk/ljfour/jknappen/ec/ecrm1440.600pk> <c:
/Users/Deepak/AppData/Roaming/TinyTeX/texmf-var/fonts/pk/ljfour/jknappen/ec/ecr
b2074.600pk> <c:/Users/Deepak/AppData/Roaming/TinyTeX/texmf-var/fonts/pk/ljfour
/jknappen/ec/ecrm2074.600pk> <c:/Users/Deepak/AppData/Roaming/TinyTeX/texmf-var
/fonts/pk/ljfour/jknappen/ec/ecrb2488.600pk><c:/Users/Deepak/AppData/Roaming/Ti
nyTeX/texmf-dist/fonts/type1/public/lm/lmbx12.pfb><c:/Users/Deepak/AppData/Roam
ing/TinyTeX/texmf-dist/fonts/type1/public/lm/lmex10.pfb><c:/Users/Deepak/AppDat
a/Roaming/TinyTeX/texmf-dist/fonts/type1/public/lm/lmmi10.pfb><c:/Users/Deepak/
AppData/Roaming/TinyTeX/texmf-dist/fonts/type1/public/lm/lmmi12.pfb><c:/Users/D
eepak/AppData/Roaming/TinyTeX/texmf-dist/fonts/type1/public/lm/lmr10.pfb><c:/Us
ers/Deepak/AppData/Roaming/TinyTeX/texmf-dist/fonts/type1/public/lm/lmr12.pfb><
c:/Users/Deepak/AppData/Roaming/TinyTeX/texmf-dist/fonts/type1/public/lm/lmsy10
.pfb>
Output written on FinalReport.pdf (44 pages, 1927658 bytes).
PDF statistics:
 856 PDF objects out of 1000 (max. 8388607)
 505 compressed objects within 6 object streams
 135 named destinations out of 1000 (max. 500000)
 277 words of extra memory for PDF output out of 10000 (max. 10000000)

